This is pdfTeX, Version 3.141592653-2.6-1.40.23 (TeX Live 2021/W32TeX) (preloaded format=pdflatex 2021.8.26)  7 SEP 2021 10:14
entering extended mode
 restricted \write18 enabled.
 %&-line parsing enabled.
**CV---scrubbed.tex
(./CV---scrubbed.tex
LaTeX2e <2021-06-01> patch level 1
L3 programming layer <2021-07-12> (c:/Users/Roy/AppData/Roaming/TinyTeX/texmf-d
ist/tex/latex/base/article.cls
Document Class: article 2021/02/12 v1.4n Standard LaTeX document class
(c:/Users/Roy/AppData/Roaming/TinyTeX/texmf-dist/tex/latex/base/size10.clo
File: size10.clo 2021/02/12 v1.4n Standard LaTeX file (size option)
)
\c@part=\count182
\c@section=\count183
\c@subsection=\count184
\c@subsubsection=\count185
\c@paragraph=\count186
\c@subparagraph=\count187
\c@figure=\count188
\c@table=\count189
\abovecaptionskip=\skip47
\belowcaptionskip=\skip48
\bibindent=\dimen138
)
(c:/Users/Roy/AppData/Roaming/TinyTeX/texmf-dist/tex/latex/dejavu/DejaVuSansMon
o.sty
Package: DejaVuSansMono 2011/06/01 Style file for DejaVuSansMono.
(c:/Users/Roy/AppData/Roaming/TinyTeX/texmf-dist/tex/latex/graphics/keyval.sty
Package: keyval 2014/10/28 v1.15 key=value parser (DPC)
\KV@toks@=\toks16
)) (c:/Users/Roy/AppData/Roaming/TinyTeX/texmf-dist/tex/latex/carlito/carlito.s
ty
Package: carlito 2014/08/20 (Bob Tennent) Supports Carlito fonts for LaTeX, pdf
LaTeX, luaLaTeX and xeLaTeX.
(c:/Users/Roy/AppData/Roaming/TinyTeX/texmf-dist/tex/generic/iftex/ifxetex.sty
Package: ifxetex 2019/10/25 v0.7 ifxetex legacy package. Use iftex instead.
(c:/Users/Roy/AppData/Roaming/TinyTeX/texmf-dist/tex/generic/iftex/iftex.sty
Package: iftex 2020/03/06 v1.0d TeX engine tests
))
(c:/Users/Roy/AppData/Roaming/TinyTeX/texmf-dist/tex/generic/iftex/ifluatex.sty
Package: ifluatex 2019/10/25 v1.5 ifluatex legacy package. Use iftex instead.
) (c:/Users/Roy/AppData/Roaming/TinyTeX/texmf-dist/tex/latex/xkeyval/xkeyval.st
y
Package: xkeyval 2020/11/20 v2.8 package option processing (HA)

(c:/Users/Roy/AppData/Roaming/TinyTeX/texmf-dist/tex/generic/xkeyval/xkeyval.te
x
(c:/Users/Roy/AppData/Roaming/TinyTeX/texmf-dist/tex/generic/xkeyval/xkvutils.t
ex
\XKV@toks=\toks17
\XKV@tempa@toks=\toks18
)
\XKV@depth=\count190
File: xkeyval.tex 2014/12/03 v2.7a key=value parser (HA)
)) (c:/Users/Roy/AppData/Roaming/TinyTeX/texmf-dist/tex/latex/base/textcomp.sty
Package: textcomp 2020/02/02 v2.0n Standard LaTeX package
) (c:/Users/Roy/AppData/Roaming/TinyTeX/texmf-dist/tex/latex/base/fontenc.sty
Package: fontenc 2021/04/29 v2.0v Standard LaTeX package
)
(c:/Users/Roy/AppData/Roaming/TinyTeX/texmf-dist/tex/latex/fontaxes/fontaxes.st
y
Package: fontaxes 2020/07/21 v1.0e Font selection axes
LaTeX Info: Redefining \upshape on input line 29.
LaTeX Info: Redefining \itshape on input line 31.
LaTeX Info: Redefining \slshape on input line 33.
LaTeX Info: Redefining \swshape on input line 35.
LaTeX Info: Redefining \scshape on input line 37.
LaTeX Info: Redefining \sscshape on input line 39.
LaTeX Info: Redefining \ulcshape on input line 41.
LaTeX Info: Redefining \textsw on input line 47.
LaTeX Info: Redefining \textssc on input line 48.
LaTeX Info: Redefining \textulc on input line 49.
)) (c:/Users/Roy/AppData/Roaming/TinyTeX/texmf-dist/tex/latex/graphics/color.st
y
Package: color 2020/02/24 v1.2b Standard LaTeX Color (DPC)

(c:/Users/Roy/AppData/Roaming/TinyTeX/texmf-dist/tex/latex/graphics-cfg/color.c
fg
File: color.cfg 2016/01/02 v1.6 sample color configuration
)
Package color Info: Driver file: pdftex.def on input line 149.

(c:/Users/Roy/AppData/Roaming/TinyTeX/texmf-dist/tex/latex/graphics-def/pdftex.
def
File: pdftex.def 2020/10/05 v1.2a Graphics/color driver for pdftex
)) (c:/Users/Roy/AppData/Roaming/TinyTeX/texmf-dist/tex/latex/xcolor/xcolor.sty
Package: xcolor 2016/05/11 v2.12 LaTeX color extensions (UK)

(c:/Users/Roy/AppData/Roaming/TinyTeX/texmf-dist/tex/latex/graphics-cfg/color.c
fg
File: color.cfg 2016/01/02 v1.6 sample color configuration
)
Package xcolor Info: Driver file: pdftex.def on input line 225.
LaTeX Info: Redefining \color on input line 709.
Package xcolor Info: Model `cmy' substituted by `cmy0' on input line 1348.
Package xcolor Info: Model `hsb' substituted by `rgb' on input line 1352.
Package xcolor Info: Model `RGB' extended on input line 1364.
Package xcolor Info: Model `HTML' substituted by `rgb' on input line 1366.
Package xcolor Info: Model `Hsb' substituted by `hsb' on input line 1367.
Package xcolor Info: Model `tHsb' substituted by `hsb' on input line 1368.
Package xcolor Info: Model `HSB' substituted by `hsb' on input line 1369.
Package xcolor Info: Model `Gray' substituted by `gray' on input line 1370.
Package xcolor Info: Model `wave' substituted by `hsb' on input line 1371.
) (c:/Users/Roy/AppData/Roaming/TinyTeX/texmf-dist/tex/latex/base/fixltx2e.sty
Package: fixltx2e 2016/12/29 v2.1a fixes to LaTeX (obsolete)
Applying: [2015/01/01] Old fixltx2e package on input line 46.

Package fixltx2e Warning: fixltx2e is not required with releases after 2015
(fixltx2e)                All fixes are now in the LaTeX kernel.
(fixltx2e)                See the latexrelease package for details.

Already applied: [0000/00/00] Old fixltx2e package on input line 53.
) (c:/Users/Roy/AppData/Roaming/TinyTeX/texmf-dist/tex/latex/base/fontenc.sty
Package: fontenc 2021/04/29 v2.0v Standard LaTeX package
LaTeX Font Info:    Trying to load font information for T1+Carlito-TLF on input
 line 112.

(c:/Users/Roy/AppData/Roaming/TinyTeX/texmf-dist/tex/latex/carlito/T1Carlito-TL
F.fd
File: T1Carlito-TLF.fd 2014/08/20 (autoinst) Font definitions for T1/Carlito-TL
F.
)
LaTeX Font Info:    Font shape `T1/Carlito-TLF/m/n' will be
(Font)              scaled to size 10.0pt on input line 112.
) (c:/Users/Roy/AppData/Roaming/TinyTeX/texmf-dist/tex/latex/base/inputenc.sty
Package: inputenc 2021/02/14 v1.3d Input encoding file
\inpenc@prehook=\toks19
\inpenc@posthook=\toks20
) (c:/Users/Roy/AppData/Roaming/TinyTeX/texmf-dist/tex/latex/base/fontenc.sty
Package: fontenc 2021/04/29 v2.0v Standard LaTeX package
)
(c:/Users/Roy/AppData/Roaming/TinyTeX/texmf-dist/tex/latex/microtype/microtype.
sty
Package: microtype 2021/03/14 v2.8c Micro-typographical refinements (RS)
\MT@toks=\toks21
\MT@count=\count191
LaTeX Info: Redefining \textls on input line 790.
\MT@outer@kern=\dimen139
LaTeX Info: Redefining \textmicrotypecontext on input line 1374.
\MT@listname@count=\count192

(c:/Users/Roy/AppData/Roaming/TinyTeX/texmf-dist/tex/latex/microtype/microtype-
pdftex.def
File: microtype-pdftex.def 2021/03/14 v2.8c Definitions specific to pdftex (RS)

LaTeX Info: Redefining \lsstyle on input line 915.
LaTeX Info: Redefining \lslig on input line 915.
\MT@outer@space=\skip49
)
Package microtype Info: Loading configuration file microtype.cfg.

(c:/Users/Roy/AppData/Roaming/TinyTeX/texmf-dist/tex/latex/microtype/microtype.
cfg
File: microtype.cfg 2021/03/14 v2.8c microtype main configuration file (RS)
))
(c:/Users/Roy/AppData/Roaming/TinyTeX/texmf-dist/tex/latex/hyperref/hyperref.st
y
Package: hyperref 2021-06-07 v7.00m Hypertext links for LaTeX

(c:/Users/Roy/AppData/Roaming/TinyTeX/texmf-dist/tex/generic/ltxcmds/ltxcmds.st
y
Package: ltxcmds 2020-05-10 v1.25 LaTeX kernel commands for general use (HO)
)
(c:/Users/Roy/AppData/Roaming/TinyTeX/texmf-dist/tex/generic/pdftexcmds/pdftexc
mds.sty
Package: pdftexcmds 2020-06-27 v0.33 Utility functions of pdfTeX for LuaTeX (HO
)

(c:/Users/Roy/AppData/Roaming/TinyTeX/texmf-dist/tex/generic/infwarerr/infwarer
r.sty
Package: infwarerr 2019/12/03 v1.5 Providing info/warning/error messages (HO)
)
Package pdftexcmds Info: \pdf@primitive is available.
Package pdftexcmds Info: \pdf@ifprimitive is available.
Package pdftexcmds Info: \pdfdraftmode found.
)
(c:/Users/Roy/AppData/Roaming/TinyTeX/texmf-dist/tex/generic/kvsetkeys/kvsetkey
s.sty
Package: kvsetkeys 2019/12/15 v1.18 Key value parser (HO)
)
(c:/Users/Roy/AppData/Roaming/TinyTeX/texmf-dist/tex/generic/kvdefinekeys/kvdef
inekeys.sty
Package: kvdefinekeys 2019-12-19 v1.6 Define keys (HO)
)
(c:/Users/Roy/AppData/Roaming/TinyTeX/texmf-dist/tex/generic/pdfescape/pdfescap
e.sty
Package: pdfescape 2019/12/09 v1.15 Implements pdfTeX's escape features (HO)
) (c:/Users/Roy/AppData/Roaming/TinyTeX/texmf-dist/tex/latex/hycolor/hycolor.st
y
Package: hycolor 2020-01-27 v1.10 Color options for hyperref/bookmark (HO)
)
(c:/Users/Roy/AppData/Roaming/TinyTeX/texmf-dist/tex/latex/letltxmacro/letltxma
cro.sty
Package: letltxmacro 2019/12/03 v1.6 Let assignment for LaTeX macros (HO)
) (c:/Users/Roy/AppData/Roaming/TinyTeX/texmf-dist/tex/latex/auxhook/auxhook.st
y
Package: auxhook 2019-12-17 v1.6 Hooks for auxiliary files (HO)
)
(c:/Users/Roy/AppData/Roaming/TinyTeX/texmf-dist/tex/latex/kvoptions/kvoptions.
sty
Package: kvoptions 2020-10-07 v3.14 Key value format for package options (HO)
)
\@linkdim=\dimen140
\Hy@linkcounter=\count193
\Hy@pagecounter=\count194
(c:/Users/Roy/AppData/Roaming/TinyTeX/texmf-dist/tex/latex/hyperref/pd1enc.def
File: pd1enc.def 2021-06-07 v7.00m Hyperref: PDFDocEncoding definition (HO)
Now handling font encoding PD1 ...
... no UTF-8 mapping file for font encoding PD1
)
(c:/Users/Roy/AppData/Roaming/TinyTeX/texmf-dist/tex/latex/hyperref/hyperref-la
ngpatches.def
File: hyperref-langpatches.def 2021-06-07 v7.00m Hyperref: patches for babel la
nguages
)
(c:/Users/Roy/AppData/Roaming/TinyTeX/texmf-dist/tex/generic/intcalc/intcalc.st
y
Package: intcalc 2019/12/15 v1.3 Expandable calculations with integers (HO)
)
(c:/Users/Roy/AppData/Roaming/TinyTeX/texmf-dist/tex/generic/etexcmds/etexcmds.
sty
Package: etexcmds 2019/12/15 v1.7 Avoid name clashes with e-TeX commands (HO)
)
\Hy@SavedSpaceFactor=\count195
(c:/Users/Roy/AppData/Roaming/TinyTeX/texmf-dist/tex/latex/hyperref/puenc.def
File: puenc.def 2021-06-07 v7.00m Hyperref: PDF Unicode definition (HO)
Now handling font encoding PU ...
... no UTF-8 mapping file for font encoding PU
)
Package hyperref Info: Option `unicode' set `true' on input line 4073.
Package hyperref Info: Hyper figures OFF on input line 4192.
Package hyperref Info: Link nesting OFF on input line 4197.
Package hyperref Info: Hyper index ON on input line 4200.
Package hyperref Info: Plain pages OFF on input line 4207.
Package hyperref Info: Backreferencing OFF on input line 4212.
Package hyperref Info: Implicit mode ON; LaTeX internals redefined.
Package hyperref Info: Bookmarks ON on input line 4445.
\c@Hy@tempcnt=\count196
(c:/Users/Roy/AppData/Roaming/TinyTeX/texmf-dist/tex/latex/url/url.sty
\Urlmuskip=\muskip16
Package: url 2013/09/16  ver 3.4  Verb mode for urls, etc.
)
LaTeX Info: Redefining \url on input line 4804.
\XeTeXLinkMargin=\dimen141
(c:/Users/Roy/AppData/Roaming/TinyTeX/texmf-dist/tex/generic/bitset/bitset.sty
Package: bitset 2019/12/09 v1.3 Handle bit-vector datatype (HO)

(c:/Users/Roy/AppData/Roaming/TinyTeX/texmf-dist/tex/generic/bigintcalc/bigintc
alc.sty
Package: bigintcalc 2019/12/15 v1.5 Expandable calculations on big integers (HO
)
))
\Fld@menulength=\count197
\Field@Width=\dimen142
\Fld@charsize=\dimen143
Package hyperref Info: Hyper figures OFF on input line 6076.
Package hyperref Info: Link nesting OFF on input line 6081.
Package hyperref Info: Hyper index ON on input line 6084.
Package hyperref Info: backreferencing OFF on input line 6091.
Package hyperref Info: Link coloring OFF on input line 6096.
Package hyperref Info: Link coloring with OCG OFF on input line 6101.
Package hyperref Info: PDF/A mode OFF on input line 6106.
LaTeX Info: Redefining \ref on input line 6146.
LaTeX Info: Redefining \pageref on input line 6150.

(c:/Users/Roy/AppData/Roaming/TinyTeX/texmf-dist/tex/latex/base/atbegshi-ltx.st
y
Package: atbegshi-ltx 2021/01/10 v1.0c Emulation of the original atbegshi
package with kernel methods
)
\Hy@abspage=\count198
\c@Item=\count199
\c@Hfootnote=\count266
)
Package hyperref Info: Driver (autodetected): hpdftex.

(c:/Users/Roy/AppData/Roaming/TinyTeX/texmf-dist/tex/latex/hyperref/hpdftex.def
File: hpdftex.def 2021-06-07 v7.00m Hyperref driver for pdfTeX

(c:/Users/Roy/AppData/Roaming/TinyTeX/texmf-dist/tex/latex/base/atveryend-ltx.s
ty
Package: atveryend-ltx 2020/08/19 v1.0a Emulation of the original atvery packag
e
with kernel methods
)
\Fld@listcount=\count267
\c@bookmark@seq@number=\count268

(c:/Users/Roy/AppData/Roaming/TinyTeX/texmf-dist/tex/latex/rerunfilecheck/rerun
filecheck.sty
Package: rerunfilecheck 2019/12/05 v1.9 Rerun checks for auxiliary files (HO)

(c:/Users/Roy/AppData/Roaming/TinyTeX/texmf-dist/tex/generic/uniquecounter/uniq
uecounter.sty
Package: uniquecounter 2019/12/15 v1.4 Provide unlimited unique counter (HO)
)
Package uniquecounter Info: New unique counter `rerunfilecheck' on input line 2
86.
)
\Hy@SectionHShift=\skip50
)
(c:/Users/Roy/AppData/Roaming/TinyTeX/texmf-dist/tex/latex/geometry/geometry.st
y
Package: geometry 2020/01/02 v5.9 Page Geometry
(c:/Users/Roy/AppData/Roaming/TinyTeX/texmf-dist/tex/generic/iftex/ifvtex.sty
Package: ifvtex 2019/10/25 v1.7 ifvtex legacy package. Use iftex instead.
)
\Gm@cnth=\count269
\Gm@cntv=\count270
\c@Gm@tempcnt=\count271
\Gm@bindingoffset=\dimen144
\Gm@wd@mp=\dimen145
\Gm@odd@mp=\dimen146
\Gm@even@mp=\dimen147
\Gm@layoutwidth=\dimen148
\Gm@layoutheight=\dimen149
\Gm@layouthoffset=\dimen150
\Gm@layoutvoffset=\dimen151
\Gm@dimlist=\toks22
) (c:/Users/Roy/AppData/Roaming/TinyTeX/texmf-dist/tex/latex/tools/longtable.st
y
Package: longtable 2021-05-07 v4.16 Multi-page Table package (DPC)
\LTleft=\skip51
\LTright=\skip52
\LTpre=\skip53
\LTpost=\skip54
\LTchunksize=\count272
\LTcapwidth=\dimen152
\LT@head=\box50
\LT@firsthead=\box51
\LT@foot=\box52
\LT@lastfoot=\box53
\LT@gbox=\box54
\LT@cols=\count273
\LT@rows=\count274
\c@LT@tables=\count275
\c@LT@chunks=\count276
\LT@p@ftn=\toks23
)
(c:/Users/Roy/AppData/Roaming/TinyTeX/texmf-dist/tex/latex/booktabs/booktabs.st
y
Package: booktabs 2020/01/12 v1.61803398 Publication quality tables
\heavyrulewidth=\dimen153
\lightrulewidth=\dimen154
\cmidrulewidth=\dimen155
\belowrulesep=\dimen156
\belowbottomsep=\dimen157
\aboverulesep=\dimen158
\abovetopsep=\dimen159
\cmidrulesep=\dimen160
\cmidrulekern=\dimen161
\defaultaddspace=\dimen162
\@cmidla=\count277
\@cmidlb=\count278
\@aboverulesep=\dimen163
\@belowrulesep=\dimen164
\@thisruleclass=\count279
\@lastruleclass=\count280
\@thisrulewidth=\dimen165
)
(c:/Users/Roy/AppData/Roaming/TinyTeX/texmf-dist/tex/latex/mdwtools/footnote.st
y
Package: footnote 1997/01/28 1.13 Save footnotes around boxes
\fn@notes=\box55
\fn@width=\dimen166
) (c:/Users/Roy/AppData/Roaming/TinyTeX/texmf-dist/tex/latex/parskip/parskip.st
y
Package: parskip 2021-03-14 v2.0h non-zero parskip adjustments

(c:/Users/Roy/AppData/Roaming/TinyTeX/texmf-dist/tex/latex/etoolbox/etoolbox.st
y
Package: etoolbox 2020/10/05 v2.5k e-TeX tools for LaTeX (JAW)
\etb@tempcnta=\count281
))
(c:/Users/Roy/AppData/Roaming/TinyTeX/texmf-dist/tex/latex/paralist/paralist.st
y
Package: paralist 2017/01/22 v2.7 Extended list environments
\pltopsep=\skip55
\plpartopsep=\skip56
\plitemsep=\skip57
\plparsep=\skip58
\pl@lab=\toks24
)
(c:/Users/Roy/AppData/Roaming/TinyTeX/texmf-dist/tex/latex/ragged2e/ragged2e.st
y
Package: ragged2e 2021/02/05 v3.0 ragged2e Package
\CenteringLeftskip=\skip59
\RaggedLeftLeftskip=\skip60
\RaggedRightLeftskip=\skip61
\CenteringRightskip=\skip62
\RaggedLeftRightskip=\skip63
\RaggedRightRightskip=\skip64
\CenteringParfillskip=\skip65
\RaggedLeftParfillskip=\skip66
\RaggedRightParfillskip=\skip67
\JustifyingParfillskip=\skip68
\CenteringParindent=\skip69
\RaggedLeftParindent=\skip70
\RaggedRightParindent=\skip71
\JustifyingParindent=\skip72
)
(c:/Users/Roy/AppData/Roaming/TinyTeX/texmf-dist/tex/latex/datetime/datetime.st
y
Package: datetime 2015/03/20 v2.60 Date Time Package

(c:/Users/Roy/AppData/Roaming/TinyTeX/texmf-dist/tex/latex/fmtcount/fmtcount.st
y
Package: fmtcount 2020/01/30 v3.07
(c:/Users/Roy/AppData/Roaming/TinyTeX/texmf-dist/tex/latex/base/ifthen.sty
Package: ifthen 2020/11/24 v1.1c Standard LaTeX ifthen package (DPC)
)
(c:/Users/Roy/AppData/Roaming/TinyTeX/texmf-dist/tex/latex/fmtcount/fcprefix.st
y
Package: fcprefix 2012/09/28

(c:/Users/Roy/AppData/Roaming/TinyTeX/texmf-dist/tex/latex/fmtcount/fcnumparser
.sty
Package: fcnumparser 2017/06/15
\fc@digit@counter=\count282
)) (c:/Users/Roy/AppData/Roaming/TinyTeX/texmf-dist/tex/latex/amsmath/amsgen.st
y
File: amsgen.sty 1999/11/30 v2.0 generic functions
\@emptytoks=\toks25
\ex@=\dimen167
)
\c@padzeroesN=\count283
\fc@tmpcatcode=\count284
\@DT@modctr=\count285
\@ordinalctr=\count286
\@orgargctr=\count287
\@strctr=\count288
\@tmpstrctr=\count289
\@DT@loopN=\count290
\@DT@X=\count291
)
(c:/Users/Roy/AppData/Roaming/TinyTeX/texmf-dist/tex/latex/datetime/datetime-de
faults.sty
Package: datetime-defaults 2013/09/10
)
\@day=\count292
\@month=\count293
\@year=\count294
\c@HOUR=\count295
\c@HOURXII=\count296
\c@MINUTE=\count297
\c@TOHOUR=\count298
\c@TOMINUTE=\count299
\c@SECOND=\count300
\currenthour=\count301
\currentminute=\count302
\currentsecond=\count303
Package datetime Info: No datetime.cfg file found, using default settings on in
put line 308.
\@dtctr=\count304
\dayofyear=\count305
\dayofweek=\count306
LaTeX Info: Redefining \today on input line 736.
\dt@a=\toks26
\dt@b=\toks27
)
(c:/Users/Roy/AppData/Roaming/TinyTeX/texmf-dist/tex/latex/fancyhdr/fancyhdr.st
y
Package: fancyhdr 2021/01/28 v4.0.1 Extensive control of page headers and foote
rs
\f@nch@headwidth=\skip73
\f@nch@O@elh=\skip74
\f@nch@O@erh=\skip75
\f@nch@O@olh=\skip76
\f@nch@O@orh=\skip77
\f@nch@O@elf=\skip78
\f@nch@O@erf=\skip79
\f@nch@O@olf=\skip80
\f@nch@O@orf=\skip81
)
(c:/Users/Roy/AppData/Roaming/TinyTeX/texmf-dist/tex/latex/enumitem/enumitem.st
y
Package: enumitem 2019/06/20 v3.9 Customized lists
\labelindent=\skip82
\enit@outerparindent=\dimen168
\enit@toks=\toks28
\enit@inbox=\box56
\enit@count@id=\count307
\enitdp@description=\count308
) (c:/Users/Roy/AppData/Roaming/TinyTeX/texmf-dist/tex/latex/psnfss/pifont.sty
Package: pifont 2020/03/25 PSNFSS-v9.3 Pi font support (SPQR) 
LaTeX Font Info:    Trying to load font information for U+pzd on input line 63.

(c:/Users/Roy/AppData/Roaming/TinyTeX/texmf-dist/tex/latex/psnfss/upzd.fd
File: upzd.fd 2001/06/04 font definitions for U/pzd.
)
LaTeX Font Info:    Trying to load font information for U+psy on input line 64.

(c:/Users/Roy/AppData/Roaming/TinyTeX/texmf-dist/tex/latex/psnfss/upsy.fd
File: upsy.fd 2001/06/04 font definitions for U/psy.
))
(c:/Users/Roy/AppData/Roaming/TinyTeX/texmf-dist/tex/latex/titlesec/titlesec.st
y
Package: titlesec 2021/07/05 v2.14 Sectioning titles
\ttl@box=\box57
\beforetitleunit=\skip83
\aftertitleunit=\skip84
\ttl@plus=\dimen169
\ttl@minus=\dimen170
\ttl@toksa=\toks29
\titlewidth=\dimen171
\titlewidthlast=\dimen172
\titlewidthfirst=\dimen173
) (c:/Users/Roy/AppData/Roaming/TinyTeX/texmf-dist/tex/latex/tools/tabularx.sty
Package: tabularx 2020/01/15 v2.11c `tabularx' package (DPC)
(c:/Users/Roy/AppData/Roaming/TinyTeX/texmf-dist/tex/latex/tools/array.sty
Package: array 2021/04/20 v2.5e Tabular extension package (FMi)
\col@sep=\dimen174
\ar@mcellbox=\box58
\extrarowheight=\dimen175
\NC@list=\toks30
\extratabsurround=\skip85
\backup@length=\skip86
\ar@cellbox=\box59
)
\TX@col@width=\dimen176
\TX@old@table=\dimen177
\TX@old@col=\dimen178
\TX@target=\dimen179
\TX@delta=\dimen180
\TX@cols=\count309
\TX@ftn=\toks31
) (c:/Users/Roy/AppData/Roaming/TinyTeX/texmf-dist/tex/latex/tools/calc.sty
Package: calc 2017/05/25 v4.3 Infix arithmetic (KKT,FJ)
\calc@Acount=\count310
\calc@Bcount=\count311
\calc@Adimen=\dimen181
\calc@Bdimen=\dimen182
\calc@Askip=\skip87
\calc@Bskip=\skip88
LaTeX Info: Redefining \setlength on input line 80.
LaTeX Info: Redefining \addtolength on input line 81.
\calc@Ccount=\count312
\calc@Cskip=\skip89
)
\headerboxwidth=\skip90

(c:/Users/Roy/AppData/Roaming/TinyTeX/texmf-dist/tex/latex/fontawesome/fontawes
ome.sty
Package: fontawesome 2016/05/15 v4.6.3.1 font awesome icons

(c:/Users/Roy/AppData/Roaming/TinyTeX/texmf-dist/tex/latex/fontawesome/fontawes
omesymbols-generic.tex)
(c:/Users/Roy/AppData/Roaming/TinyTeX/texmf-dist/tex/latex/fontawesome/fontawes
omesymbols-pdftex.tex))
\cslhangindent=\skip91
\csllabelwidth=\skip92

(c:/Users/Roy/AppData/Roaming/TinyTeX/texmf-dist/tex/latex/l3backend/l3backend-
pdftex.def
File: l3backend-pdftex.def 2021-08-04 L3 backend support: PDF output (pdfTeX)
\l__color_backend_stack_int=\count313
\l__pdf_internal_box=\box60
) (./CV---scrubbed.aux)
\openout1 = `CV---scrubbed.aux'.

LaTeX Font Info:    Checking defaults for OML/cmm/m/it on input line 185.
LaTeX Font Info:    ... okay on input line 185.
LaTeX Font Info:    Checking defaults for OMS/cmsy/m/n on input line 185.
LaTeX Font Info:    ... okay on input line 185.
LaTeX Font Info:    Checking defaults for OT1/cmr/m/n on input line 185.
LaTeX Font Info:    ... okay on input line 185.
LaTeX Font Info:    Checking defaults for T1/cmr/m/n on input line 185.
LaTeX Font Info:    ... okay on input line 185.
LaTeX Font Info:    Checking defaults for TS1/cmr/m/n on input line 185.
LaTeX Font Info:    ... okay on input line 185.
LaTeX Font Info:    Checking defaults for OMX/cmex/m/n on input line 185.
LaTeX Font Info:    ... okay on input line 185.
LaTeX Font Info:    Checking defaults for U/cmr/m/n on input line 185.
LaTeX Font Info:    ... okay on input line 185.
LaTeX Font Info:    Checking defaults for PD1/pdf/m/n on input line 185.
LaTeX Font Info:    ... okay on input line 185.
LaTeX Font Info:    Checking defaults for PU/pdf/m/n on input line 185.
LaTeX Font Info:    ... okay on input line 185.
\c@mv@tabular=\count314
\c@mv@boldtabular=\count315
LaTeX Info: Redefining \microtypecontext on input line 185.
Package microtype Info: Generating PDF output.
Package microtype Info: Character protrusion enabled (level 2).
Package microtype Info: Using protrusion set `basicmath'.
Package microtype Info: Automatic font expansion enabled (level 2),
(microtype)             stretch: 20, shrink: 20, step: 1, non-selected.
Package microtype Info: Using default expansion set `alltext-nott'.
LaTeX Info: Redefining \showhyphens on input line 185.
Package microtype Info: No adjustment of tracking.
Package microtype Info: No adjustment of interword spacing.
Package microtype Info: No adjustment of character kerning.
Package microtype Info: Loading generic protrusion settings for font family
(microtype)             `Carlito-TLF' (encoding: T1).
(microtype)             For optimal results, create family-specific settings.
(microtype)             See the microtype manual for details.
Package hyperref Info: Link coloring OFF on input line 185.

(c:/Users/Roy/AppData/Roaming/TinyTeX/texmf-dist/tex/latex/hyperref/nameref.sty
Package: nameref 2021-04-02 v2.47 Cross-referencing by name of section

(c:/Users/Roy/AppData/Roaming/TinyTeX/texmf-dist/tex/latex/refcount/refcount.st
y
Package: refcount 2019/12/15 v3.6 Data extraction from label references (HO)
)
(c:/Users/Roy/AppData/Roaming/TinyTeX/texmf-dist/tex/generic/gettitlestring/get
titlestring.sty
Package: gettitlestring 2019/12/15 v1.6 Cleanup title references (HO)
)
\c@section@level=\count316
)
LaTeX Info: Redefining \ref on input line 185.
LaTeX Info: Redefining \pageref on input line 185.
LaTeX Info: Redefining \nameref on input line 185.
(./CV---scrubbed.out) (./CV---scrubbed.out)
\@outlinefile=\write3
\openout3 = `CV---scrubbed.out'.

*geometry* driver: auto-detecting
*geometry* detected driver: pdftex
*geometry* verbose mode - [ preamble ] result:
* driver: pdftex
* paper: a4paper
* layout: <same size as paper>
* layoutoffset:(h,v)=(0.0pt,0.0pt)
* modes: 
* h-part:(L,W,R)=(49.79231pt, 497.92325pt, 49.79231pt)
* v-part:(T,H,B)=(62.59596pt, 725.54538pt, 56.9055pt)
* \paperwidth=597.50787pt
* \paperheight=845.04684pt
* \textwidth=497.92325pt
* \textheight=725.54538pt
* \oddsidemargin=-22.47768pt
* \evensidemargin=-22.47768pt
* \topmargin=-46.67403pt
* \headheight=15.0pt
* \headsep=25.0pt
* \topskip=10.0pt
* \footskip=30.0pt
* \marginparwidth=57.0pt
* \marginparsep=11.0pt
* \columnsep=10.0pt
* \skip\footins=9.0pt plus 4.0pt minus 2.0pt
* \hoffset=0.0pt
* \voffset=0.0pt
* \mag=1000
* \@twocolumnfalse
* \@twosidefalse
* \@mparswitchfalse
* \@reversemarginfalse
* (1in=72.27pt=25.4mm, 1cm=28.453pt)


(c:/Users/Roy/AppData/Roaming/TinyTeX/texmf-dist/tex/latex/fmtcount/fc-english.
def
File: fc-english.def 2016/01/12
)
(c:/Users/Roy/AppData/Roaming/TinyTeX/texmf-dist/tex/latex/microtype/mt-cmr.cfg
File: mt-cmr.cfg 2013/05/19 v2.2 microtype config. file: Computer Modern Roman 
(RS)
)
LaTeX Font Info:    External font `cmex10' loaded for size
(Font)              <7> on input line 186.
LaTeX Font Info:    External font `cmex10' loaded for size
(Font)              <5> on input line 186.
LaTeX Font Info:    Font shape `T1/Carlito-TLF/m/n' will be
(Font)              scaled to size 17.28pt on input line 186.
LaTeX Font Info:    Font shape `T1/Carlito-TLF/b/n' will be
(Font)              scaled to size 17.28pt on input line 186.
LaTeX Font Info:    Font shape `T1/Carlito-TLF/m/n' will be
(Font)              scaled to size 12.0pt on input line 186.
LaTeX Font Info:    Font shape `T1/Carlito-TLF/b/n' will be
(Font)              scaled to size 10.0pt on input line 186.
LaTeX Font Info:    Font shape `T1/Carlito-TLF/m/n' will be
(Font)              scaled to size 9.0pt on input line 186.
LaTeX Font Info:    External font `cmex10' loaded for size
(Font)              <9> on input line 186.
LaTeX Font Info:    External font `cmex10' loaded for size
(Font)              <6> on input line 186.
LaTeX Font Info:    Trying to load font information for U+fontawesometwo on inp
ut line 186.

(c:/Users/Roy/AppData/Roaming/TinyTeX/texmf-dist/tex/latex/fontawesome/ufontawe
sometwo.fd
File: ufontawesometwo.fd 2016/05/22 Font definitions for U/fontawesometwo.
)
Overfull \hbox (6.79999pt too wide) in paragraph at lines 186--187
[][][][] 
 []

LaTeX Font Info:    Font shape `T1/Carlito-TLF/b/n' will be
(Font)              scaled to size 12.0pt on input line 190.
LaTeX Font Info:    Font shape `T1/Carlito-TLF/m/n' will be
(Font)              scaled to size 8.0pt on input line 222.
LaTeX Font Info:    Trying to load font information for TS1+Carlito-TLF on inpu
t line 222.

(c:/Users/Roy/AppData/Roaming/TinyTeX/texmf-dist/tex/latex/carlito/TS1Carlito-T
LF.fd
File: TS1Carlito-TLF.fd 2014/08/20 (autoinst) Font definitions for TS1/Carlito-
TLF.
)
LaTeX Font Info:    Font shape `TS1/Carlito-TLF/m/n' will be
(Font)              scaled to size 10.0pt on input line 222.

Underfull \hbox (badness 10000) in paragraph at lines 222--222
[]\TS1/Carlito-TLF/m/n/10 (+20) ˆ \T1/Carlito-TLF/m/n/10 (+20) Sum-mer project:
 Fi-nan-cial Re-search and CFA Se-ries cov-er-ing the CFA Level 1 syl-labus and
 fi-nan-cial
 []


Underfull \hbox (badness 10000) in paragraph at lines 230--230
[]\T1/Carlito-TLF/m/n/10 (+20) Corporate Risk Man-age-ment, Fi-nan-cial State-m
ent Anal-y-sis, Com-par-a-tive Bank-ing, Tax-a-tion, Ad-vanced
 []

[1

{c:/Users/Roy/AppData/Roaming/TinyTeX/texmf-var/fonts/map/pdftex/updmap/pdftex.
map}]
Underfull \hbox (badness 10000) in paragraph at lines 335--335
[]\T1/Carlito-TLF/m/n/10 (+20) Including Ex-cel and Ac-cess, fa-mil-iar with da
ta func-tions (e.g. pivot ta-bles) and work-ing with re-la-tional
 []


Underfull \hbox (badness 10000) in paragraph at lines 345--345
[]\T1/Carlito-TLF/m/n/10 (+20) Exceptions; li-braries; doc-u-men-ta-tion and un
it test-ing; map-ping and fit-ler-ing; lambda func-tions; and
 []


Underfull \hbox (badness 10000) in paragraph at lines 350--350
[]\T1/Carlito-TLF/m/n/10 (+20) Navigating file struc-tures; work-ing with files
 and di-rec-to-ries; stan-dard out, stan-dard er-ror and pipes;
 []


Underfull \hbox (badness 10000) in paragraph at lines 367--367
[]\T1/Carlito-TLF/m/n/10 (+20) Learning to com-mu-ni-cate through the medium of
 Welsh, at-tended the ys-gol haf, and took part in the
 []

[2] (./CV---scrubbed.aux)
Package rerunfilecheck Info: File `CV---scrubbed.out' has not changed.
(rerunfilecheck)             Checksum: 8728075CFC73F343BD858681913A57B5;922.
 ) 
Here is how much of TeX's memory you used:
 14604 strings out of 480502
 226102 string characters out of 5898249
 587909 words of memory out of 5000000
 31935 multiletter control sequences out of 15000+600000
 474989 words of font info for 103 fonts, out of 8000000 for 9000
 14 hyphenation exceptions out of 8191
 72i,11n,80p,1202b,361s stack positions out of 5000i,500n,10000p,200000b,80000s
{c:/Users/Roy/AppData/Roaming/TinyTeX/texmf-dist/fonts/enc/dvips/carlito/crlt
_ntvnfo.enc}{c:/Users/Roy/AppData/Roaming/TinyTeX/texmf-dist/fonts/enc/dvips/fo
ntawesome/fontawesometwo.enc}{c:/Users/Roy/AppData/Roaming/TinyTeX/texmf-dist/f
onts/enc/dvips/carlito/crlt_z7vml3.enc}<c:/Users/Roy/AppData/Roaming/TinyTeX/te
xmf-dist/fonts/type1/typoland/carlito/Carlito-Bold.pfb><c:/Users/Roy/AppData/Ro
aming/TinyTeX/texmf-dist/fonts/type1/typoland/carlito/Carlito.pfb><c:/Users/Roy
/AppData/Roaming/TinyTeX/texmf-dist/fonts/type1/public/fontawesome/FontAwesome.
pfb><c:/Users/Roy/AppData/Roaming/TinyTeX/texmf-dist/fonts/type1/urw/zapfding/u
zdr.pfb>
Output written on CV---scrubbed.pdf (2 pages, 67956 bytes).
PDF statistics:
 82 PDF objects out of 1000 (max. 8388607)
 68 compressed objects within 1 object stream
 16 named destinations out of 1000 (max. 500000)
 45113 words of extra memory for PDF output out of 51595 (max. 10000000)

